{"meta": {"format": 3, "version": "7.14.1", "timestamp": "2026-06-15T18:11:46.287071", "branch_coverage": false, "show_contexts": false}, "files": {"ledger_modules\\__init__.py": {"executed_lines": [1, 2, 20], "summary": {"covered_lines": 3, "num_statements": 3, "percent_covered": 100.0, "percent_covered_display": "100", "missing_lines": 0, "excluded_lines": 0, "percent_statements_covered": 100.0, "percent_statements_covered_display": "100"}, "missing_lines": [], "excluded_lines": [], "functions": {"": {"executed_lines": [1, 2, 20], "summary": {"covered_lines": 3, "num_statements": 3, "percent_covered": 100.0, "percent_covered_display": "100", "missing_lines": 0, "excluded_lines": 0, "percent_statements_covered": 100.0, "percent_statements_covered_display": "100"}, "missing_lines": [], "excluded_lines": [], "start_line": 1}}, "classes": {"": {"executed_lines": [1, 2, 20], "summary": {"covered_lines": 3, "num_statements": 3, "percent_covered": 100.0, "percent_covered_display": "100", "missing_lines": 0, "excluded_lines": 0, "percent_statements_covered": 100.0, "percent_statements_covered_display": "100"}, "missing_lines": [], "excluded_lines": [], "start_line": 1}}}, "ledger_modules\\budgets.py": {"executed_lines": [1, 2, 4, 7, 8, 10, 12, 14, 15, 16, 17, 18, 20, 21, 22, 25, 26, 27, 28, 29, 30, 31, 32, 33, 34, 35, 36, 37, 38, 39, 42, 62, 64, 65, 66, 67, 68, 69, 70, 71, 77, 78, 79, 80, 83, 84, 85, 86, 89, 90, 91, 110, 111, 112, 114, 115, 116, 117, 119, 120, 121, 123, 124, 125, 126, 127, 128, 129, 130, 133, 134, 135, 136, 137, 138, 139, 140, 143, 144, 146, 148, 149, 150, 152, 153, 154, 155, 156, 158, 161, 162, 165, 168, 169, 170, 171, 178, 179, 180, 181, 182, 184, 185, 186, 199, 211], "summary": {"covered_lines": 106, "num_statements": 144, "percent_covered": 73.61111111111111, "percent_covered_display": "74", "missing_lines": 38, "excluded_lines": 0, "percent_statements_covered": 73.61111111111111, "percent_statements_covered_display": "74"}, "missing_lines": [9, 11, 13, 43, 44, 45, 46, 47, 48, 49, 50, 51, 52, 53, 54, 55, 56, 57, 58, 59, 113, 118, 122, 145, 147, 159, 183, 187, 188, 189, 190, 191, 192, 193, 194, 195, 197, 198], "excluded_lines": [], "functions": {"set_budget": {"executed_lines": [8, 10, 12, 14, 15, 16, 17, 18, 20, 21, 22], "summary": {"covered_lines": 11, "num_statements": 14, "percent_covered": 78.57142857142857, "percent_covered_display": "79", "missing_lines": 3, "excluded_lines": 0, "percent_statements_covered": 78.57142857142857, "percent_statements_covered_display": "79"}, "missing_lines": [9, 11, 13], "excluded_lines": [], "start_line": 7}, "_get_budget_spent": {"executed_lines": [26, 27, 28, 29, 30, 31, 32, 33, 34, 35, 36, 37, 38, 39], "summary": {"covered_lines": 14, "num_statements": 14, "percent_covered": 100.0, "percent_covered_display": "100", "missing_lines": 0, "excluded_lines": 0, "percent_statements_covered": 100.0, "percent_statements_covered_display": "100"}, "missing_lines": [], "excluded_lines": [], "start_line": 25}, "check_budget": {"executed_lines": [], "summary": {"covered_lines": 0, "num_statements": 17, "percent_covered": 0.0, "percent_covered_display": "0", "missing_lines": 17, "excluded_lines": 0, "percent_statements_covered": 0.0, "percent_statements_covered_display": "0"}, "missing_lines": [43, 44, 45, 46, 47, 48, 49, 50, 51, 52, 53, 54, 55, 56, 57, 58, 59], "excluded_lines": [], "start_line": 42}, "create_budget_template": {"executed_lines": [64, 65, 66, 67, 68, 69, 70, 71, 77, 78, 79, 80], "summary": {"covered_lines": 12, "num_statements": 12, "percent_covered": 100.0, "percent_covered_display": "100", "missing_lines": 0, "excluded_lines": 0, "percent_statements_covered": 100.0, "percent_statements_covered_display": "100"}, "missing_lines": [], "excluded_lines": [], "start_line": 62}, "list_budget_templates": {"executed_lines": [84, 85, 86, 89, 90, 91], "summary": {"covered_lines": 6, "num_statements": 6, "percent_covered": 100.0, "percent_covered_display": "100", "missing_lines": 0, "excluded_lines": 0, "percent_statements_covered": 100.0, "percent_statements_covered_display": "100"}, "missing_lines": [], "excluded_lines": [], "start_line": 83}, "update_budget_template": {"executed_lines": [111, 112, 114, 115, 116, 117, 119, 120, 121, 123, 124, 125, 126, 127, 128, 129, 130], "summary": {"covered_lines": 17, "num_statements": 20, "percent_covered": 85.0, "percent_covered_display": "85", "missing_lines": 3, "excluded_lines": 0, "percent_statements_covered": 85.0, "percent_statements_covered_display": "85"}, "missing_lines": [113, 118, 122], "excluded_lines": [], "start_line": 110}, "delete_budget_template": {"executed_lines": [134, 135, 136, 137, 138, 139, 140], "summary": {"covered_lines": 7, "num_statements": 7, "percent_covered": 100.0, "percent_covered_display": "100", "missing_lines": 0, "excluded_lines": 0, "percent_statements_covered": 100.0, "percent_statements_covered_display": "100"}, "missing_lines": [], "excluded_lines": [], "start_line": 133}, "apply_budget_template": {"executed_lines": [144, 146, 148, 149, 150, 152, 153, 154, 155, 156, 158, 161, 162, 165], "summary": {"covered_lines": 14, "num_statements": 17, "percent_covered": 82.3529411764706, "percent_covered_display": "82", "missing_lines": 3, "excluded_lines": 0, "percent_statements_covered": 82.3529411764706, "percent_statements_covered_display": "82"}, "missing_lines": [145, 147, 159], "excluded_lines": [], "start_line": 143}, "suggest_budget_templates": {"executed_lines": [169, 170, 171, 178, 179, 180, 181, 182, 184, 185, 186, 199, 211], "summary": {"covered_lines": 13, "num_statements": 25, "percent_covered": 52.0, "percent_covered_display": "52", "missing_lines": 12, "excluded_lines": 0, "percent_statements_covered": 52.0, "percent_statements_covered_display": "52"}, "missing_lines": [183, 187, 188, 189, 190, 191, 192, 193, 194, 195, 197, 198], "excluded_lines": [], "start_line": 168}, "": {"executed_lines": [1, 2, 4, 7, 25, 42, 62, 83, 110, 133, 143, 168], "summary": {"covered_lines": 12, "num_statements": 12, "percent_covered": 100.0, "percent_covered_display": "100", "missing_lines": 0, "excluded_lines": 0, "percent_statements_covered": 100.0, "percent_statements_covered_display": "100"}, "missing_lines": [], "excluded_lines": [], "start_line": 1}}, "classes": {"": {"executed_lines": [1, 2, 4, 7, 8, 10, 12, 14, 15, 16, 17, 18, 20, 21, 22, 25, 26, 27, 28, 29, 30, 31, 32, 33, 34, 35, 36, 37, 38, 39, 42, 62, 64, 65, 66, 67, 68, 69, 70, 71, 77, 78, 79, 80, 83, 84, 85, 86, 89, 90, 91, 110, 111, 112, 114, 115, 116, 117, 119, 120, 121, 123, 124, 125, 126, 127, 128, 129, 130, 133, 134, 135, 136, 137, 138, 139, 140, 143, 144, 146, 148, 149, 150, 152, 153, 154, 155, 156, 158, 161, 162, 165, 168, 169, 170, 171, 178, 179, 180, 181, 182, 184, 185, 186, 199, 211], "summary": {"covered_lines": 106, "num_statements": 144, "percent_covered": 73.61111111111111, "percent_covered_display": "74", "missing_lines": 38, "excluded_lines": 0, "percent_statements_covered": 73.61111111111111, "percent_statements_covered_display": "74"}, "missing_lines": [9, 11, 13, 43, 44, 45, 46, 47, 48, 49, 50, 51, 52, 53, 54, 55, 56, 57, 58, 59, 113, 118, 122, 145, 147, 159, 183, 187, 188, 189, 190, 191, 192, 193, 194, 195, 197, 198], "excluded_lines": [], "start_line": 1}}}, "ledger_modules\\db.py": {"executed_lines": [1, 2, 3, 5, 8, 9, 10, 11, 26, 27, 28, 39, 40, 41, 57, 75, 76, 77, 80, 81], "summary": {"covered_lines": 20, "num_statements": 25, "percent_covered": 80.0, "percent_covered_display": "80", "missing_lines": 5, "excluded_lines": 0, "percent_statements_covered": 80.0, "percent_statements_covered_display": "80"}, "missing_lines": [42, 43, 53, 55, 78], "excluded_lines": [], "functions": {"init_db": {"executed_lines": [9, 10, 11, 26, 27, 28, 39, 40, 41, 57, 75, 76, 77, 80, 81], "summary": {"covered_lines": 15, "num_statements": 20, "percent_covered": 75.0, "percent_covered_display": "75", "missing_lines": 5, "excluded_lines": 0, "percent_statements_covered": 75.0, "percent_statements_covered_display": "75"}, "missing_lines": [42, 43, 53, 55, 78], "excluded_lines": [], "start_line": 8}, "": {"executed_lines": [1, 2, 3, 5, 8], "summary": {"covered_lines": 5, "num_statements": 5, "percent_covered": 100.0, "percent_covered_display": "100", "missing_lines": 0, "excluded_lines": 0, "percent_statements_covered": 100.0, "percent_statements_covered_display": "100"}, "missing_lines": [], "excluded_lines": [], "start_line": 1}}, "classes": {"": {"executed_lines": [1, 2, 3, 5, 8, 9, 10, 11, 26, 27, 28, 39, 40, 41, 57, 75, 76, 77, 80, 81], "summary": {"covered_lines": 20, "num_statements": 25, "percent_covered": 80.0, "percent_covered_display": "80", "missing_lines": 5, "excluded_lines": 0, "percent_statements_covered": 80.0, "percent_statements_covered_display": "80"}, "missing_lines": [42, 43, 53, 55, 78], "excluded_lines": [], "start_line": 1}}}, "ledger_modules\\transactions.py": {"executed_lines": [1, 2, 3, 4, 5, 7, 10, 11, 12, 13, 14, 15, 19, 20, 21, 22, 25, 46, 70, 71, 72, 75, 76, 77, 78, 79, 80, 81, 82, 83, 84, 89, 90, 91, 92, 93, 94, 95, 96, 97, 102, 103, 104, 105, 106, 107, 108, 109, 110, 115, 116, 117, 118, 119, 120, 121, 122, 123, 124, 125, 126, 131, 132, 133, 134, 135, 136, 137, 138, 139, 140, 141, 142, 143, 144, 145, 146, 148, 149, 150, 151, 154, 157, 158, 161, 162, 163, 164, 165, 166, 167, 172, 173, 174, 175, 176, 177, 178, 179, 183, 184, 185, 186, 187, 190, 201, 239, 278, 279, 280, 281, 282, 283, 286, 289, 292, 293, 294, 295, 296, 297, 298, 299, 300, 301, 302, 303, 304, 305, 306, 307, 308, 309, 310, 323, 324, 325, 326, 331, 360, 374, 396], "summary": {"covered_lines": 142, "num_statements": 328, "percent_covered": 43.292682926829265, "percent_covered_display": "43", "missing_lines": 186, "excluded_lines": 0, "percent_statements_covered": 43.292682926829265, "percent_statements_covered_display": "43"}, "missing_lines": [26, 27, 28, 29, 32, 34, 35, 36, 37, 38, 39, 40, 42, 43, 47, 48, 49, 50, 51, 52, 53, 54, 55, 56, 57, 58, 59, 60, 61, 62, 63, 64, 65, 66, 67, 73, 74, 86, 99, 112, 128, 152, 153, 155, 156, 159, 160, 168, 169, 170, 171, 191, 202, 203, 204, 205, 213, 214, 218, 219, 223, 224, 228, 229, 230, 231, 232, 233, 234, 235, 236, 240, 241, 242, 243, 244, 245, 246, 247, 248, 249, 250, 251, 252, 253, 254, 255, 256, 257, 258, 259, 260, 261, 262, 263, 264, 265, 266, 267, 268, 269, 270, 271, 272, 273, 274, 275, 284, 285, 287, 288, 290, 291, 327, 328, 332, 333, 334, 335, 336, 337, 338, 339, 340, 341, 342, 343, 344, 345, 346, 347, 348, 349, 350, 351, 352, 353, 354, 355, 356, 357, 361, 362, 363, 364, 365, 366, 367, 368, 369, 370, 371, 375, 376, 377, 378, 379, 380, 381, 382, 383, 384, 385, 386, 387, 388, 389, 390, 391, 393, 397, 398, 399, 400, 401, 402, 403, 404, 405, 406, 407, 408, 409, 410, 411, 412], "excluded_lines": [], "functions": {"add_transaction": {"executed_lines": [11, 12, 13, 14, 15, 19, 20, 21, 22], "summary": {"covered_lines": 9, "num_statements": 9, "percent_covered": 100.0, "percent_covered_display": "100", "missing_lines": 0, "excluded_lines": 0, "percent_statements_covered": 100.0, "percent_statements_covered_display": "100"}, "missing_lines": [], "excluded_lines": [], "start_line": 10}, "list_transactions": {"executed_lines": [], "summary": {"covered_lines": 0, "num_statements": 14, "percent_covered": 0.0, "percent_covered_display": "0", "missing_lines": 14, "excluded_lines": 0, "percent_statements_covered": 0.0, "percent_statements_covered_display": "0"}, "missing_lines": [26, 27, 28, 29, 32, 34, 35, 36, 37, 38, 39, 40, 42, 43], "excluded_lines": [], "start_line": 25}, "summary": {"executed_lines": [], "summary": {"covered_lines": 0, "num_statements": 21, "percent_covered": 0.0, "percent_covered_display": "0", "missing_lines": 21, "excluded_lines": 0, "percent_statements_covered": 0.0, "percent_statements_covered_display": "0"}, "missing_lines": [47, 48, 49, 50, 51, 52, 53, 54, 55, 56, 57, 58, 59, 60, 61, 62, 63, 64, 65, 66, 67], "excluded_lines": [], "start_line": 46}, "update_transaction": {"executed_lines": [71, 72, 75, 76, 77, 78, 79, 80, 81, 82, 83, 84], "summary": {"covered_lines": 12, "num_statements": 15, "percent_covered": 80.0, "percent_covered_display": "80", "missing_lines": 3, "excluded_lines": 0, "percent_statements_covered": 80.0, "percent_statements_covered_display": "80"}, "missing_lines": [73, 74, 86], "excluded_lines": [], "start_line": 70}, "soft_delete_transaction": {"executed_lines": [90, 91, 92, 93, 94, 95, 96, 97], "summary": {"covered_lines": 8, "num_statements": 9, "percent_covered": 88.88888888888889, "percent_covered_display": "89", "missing_lines": 1, "excluded_lines": 0, "percent_statements_covered": 88.88888888888889, "percent_statements_covered_display": "89"}, "missing_lines": [99], "excluded_lines": [], "start_line": 89}, "restore_transaction": {"executed_lines": [103, 104, 105, 106, 107, 108, 109, 110], "summary": {"covered_lines": 8, "num_statements": 9, "percent_covered": 88.88888888888889, "percent_covered_display": "89", "missing_lines": 1, "excluded_lines": 0, "percent_statements_covered": 88.88888888888889, "percent_statements_covered_display": "89"}, "missing_lines": [112], "excluded_lines": [], "start_line": 102}, "hard_delete_transaction": {"executed_lines": [116, 117, 118, 119, 120, 121, 122, 123, 124, 125, 126], "summary": {"covered_lines": 11, "num_statements": 12, "percent_covered": 91.66666666666667, "percent_covered_display": "92", "missing_lines": 1, "excluded_lines": 0, "percent_statements_covered": 91.66666666666667, "percent_statements_covered_display": "92"}, "missing_lines": [128], "excluded_lines": [], "start_line": 115}, "import_csv": {"executed_lines": [132, 133, 134, 135, 136, 137, 138, 139, 140, 141, 142, 143, 144, 145, 146, 148, 149, 150, 151, 154, 157, 158, 161, 162, 163, 164, 165, 166, 167, 172, 173, 174, 175, 176, 177, 178, 179, 183, 184, 185, 186, 187], "summary": {"covered_lines": 42, "num_statements": 52, "percent_covered": 80.76923076923077, "percent_covered_display": "81", "missing_lines": 10, "excluded_lines": 0, "percent_statements_covered": 80.76923076923077, "percent_statements_covered_display": "81"}, "missing_lines": [152, 153, 155, 156, 159, 160, 168, 169, 170, 171], "excluded_lines": [], "start_line": 131}, "reconcile_guide": {"executed_lines": [], "summary": {"covered_lines": 0, "num_statements": 1, "percent_covered": 0.0, "percent_covered_display": "0", "missing_lines": 1, "excluded_lines": 0, "percent_statements_covered": 0.0, "percent_statements_covered_display": "0"}, "missing_lines": [191], "excluded_lines": [], "start_line": 190}, "search_transactions": {"executed_lines": [], "summary": {"covered_lines": 0, "num_statements": 19, "percent_covered": 0.0, "percent_covered_display": "0", "missing_lines": 19, "excluded_lines": 0, "percent_statements_covered": 0.0, "percent_statements_covered_display": "0"}, "missing_lines": [202, 203, 204, 205, 213, 214, 218, 219, 223, 224, 228, 229, 230, 231, 232, 233, 234, 235, 236], "excluded_lines": [], "start_line": 201}, "filter_transactions": {"executed_lines": [], "summary": {"covered_lines": 0, "num_statements": 36, "percent_covered": 0.0, "percent_covered_display": "0", "missing_lines": 36, "excluded_lines": 0, "percent_statements_covered": 0.0, "percent_statements_covered_display": "0"}, "missing_lines": [240, 241, 242, 243, 244, 245, 246, 247, 248, 249, 250, 251, 252, 253, 254, 255, 256, 257, 258, 259, 260, 261, 262, 263, 264, 265, 266, 267, 268, 269, 270, 271, 272, 273, 274, 275], "excluded_lines": [], "start_line": 239}, "export_transactions": {"executed_lines": [279, 280, 281, 282, 283, 286, 289, 292, 293, 294, 295, 296, 297, 298, 299, 300, 301, 302, 303, 304, 305, 306, 307, 308, 309, 310, 323, 324, 325, 326], "summary": {"covered_lines": 30, "num_statements": 38, "percent_covered": 78.94736842105263, "percent_covered_display": "79", "missing_lines": 8, "excluded_lines": 0, "percent_statements_covered": 78.94736842105263, "percent_statements_covered_display": "79"}, "missing_lines": [284, 285, 287, 288, 290, 291, 327, 328], "excluded_lines": [], "start_line": 278}, "get_statistics": {"executed_lines": [], "summary": {"covered_lines": 0, "num_statements": 26, "percent_covered": 0.0, "percent_covered_display": "0", "missing_lines": 26, "excluded_lines": 0, "percent_statements_covered": 0.0, "percent_statements_covered_display": "0"}, "missing_lines": [332, 333, 334, 335, 336, 337, 338, 339, 340, 341, 342, 343, 344, 345, 346, 347, 348, 349, 350, 351, 352, 353, 354, 355, 356, 357], "excluded_lines": [], "start_line": 331}, "list_accounts": {"executed_lines": [], "summary": {"covered_lines": 0, "num_statements": 11, "percent_covered": 0.0, "percent_covered_display": "0", "missing_lines": 11, "excluded_lines": 0, "percent_statements_covered": 0.0, "percent_statements_covered_display": "0"}, "missing_lines": [361, 362, 363, 364, 365, 366, 367, 368, 369, 370, 371], "excluded_lines": [], "start_line": 360}, "list_categories": {"executed_lines": [], "summary": {"covered_lines": 0, "num_statements": 18, "percent_covered": 0.0, "percent_covered_display": "0", "missing_lines": 18, "excluded_lines": 0, "percent_statements_covered": 0.0, "percent_statements_covered_display": "0"}, "missing_lines": [375, 376, 377, 378, 379, 380, 381, 382, 383, 384, 385, 386, 387, 388, 389, 390, 391, 393], "excluded_lines": [], "start_line": 374}, "list_members": {"executed_lines": [], "summary": {"covered_lines": 0, "num_statements": 16, "percent_covered": 0.0, "percent_covered_display": "0", "missing_lines": 16, "excluded_lines": 0, "percent_statements_covered": 0.0, "percent_statements_covered_display": "0"}, "missing_lines": [397, 398, 399, 400, 401, 402, 403, 404, 405, 406, 407, 408, 409, 410, 411, 412], "excluded_lines": [], "start_line": 396}, "": {"executed_lines": [1, 2, 3, 4, 5, 7, 10, 25, 46, 70, 89, 102, 115, 131, 190, 201, 239, 278, 331, 360, 374, 396], "summary": {"covered_lines": 22, "num_statements": 22, "percent_covered": 100.0, "percent_covered_display": "100", "missing_lines": 0, "excluded_lines": 0, "percent_statements_covered": 100.0, "percent_statements_covered_display": "100"}, "missing_lines": [], "excluded_lines": [], "start_line": 1}}, "classes": {"": {"executed_lines": [1, 2, 3, 4, 5, 7, 10, 11, 12, 13, 14, 15, 19, 20, 21, 22, 25, 46, 70, 71, 72, 75, 76, 77, 78, 79, 80, 81, 82, 83, 84, 89, 90, 91, 92, 93, 94, 95, 96, 97, 102, 103, 104, 105, 106, 107, 108, 109, 110, 115, 116, 117, 118, 119, 120, 121, 122, 123, 124, 125, 126, 131, 132, 133, 134, 135, 136, 137, 138, 139, 140, 141, 142, 143, 144, 145, 146, 148, 149, 150, 151, 154, 157, 158, 161, 162, 163, 164, 165, 166, 167, 172, 173, 174, 175, 176, 177, 178, 179, 183, 184, 185, 186, 187, 190, 201, 239, 278, 279, 280, 281, 282, 283, 286, 289, 292, 293, 294, 295, 296, 297, 298, 299, 300, 301, 302, 303, 304, 305, 306, 307, 308, 309, 310, 323, 324, 325, 326, 331, 360, 374, 396], "summary": {"covered_lines": 142, "num_statements": 328, "percent_covered": 43.292682926829265, "percent_covered_display": "43", "missing_lines": 186, "excluded_lines": 0, "percent_statements_covered": 43.292682926829265, "percent_statements_covered_display": "43"}, "missing_lines": [26, 27, 28, 29, 32, 34, 35, 36, 37, 38, 39, 40, 42, 43, 47, 48, 49, 50, 51, 52, 53, 54, 55, 56, 57, 58, 59, 60, 61, 62, 63, 64, 65, 66, 67, 73, 74, 86, 99, 112, 128, 152, 153, 155, 156, 159, 160, 168, 169, 170, 171, 191, 202, 203, 204, 205, 213, 214, 218, 219, 223, 224, 228, 229, 230, 231, 232, 233, 234, 235, 236, 240, 241, 242, 243, 244, 245, 246, 247, 248, 249, 250, 251, 252, 253, 254, 255, 256, 257, 258, 259, 260, 261, 262, 263, 264, 265, 266, 267, 268, 269, 270, 271, 272, 273, 274, 275, 284, 285, 287, 288, 290, 291, 327, 328, 332, 333, 334, 335, 336, 337, 338, 339, 340, 341, 342, 343, 344, 345, 346, 347, 348, 349, 350, 351, 352, 353, 354, 355, 356, 357, 361, 362, 363, 364, 365, 366, 367, 368, 369, 370, 371, 375, 376, 377, 378, 379, 380, 381, 382, 383, 384, 385, 386, 387, 388, 389, 390, 391, 393, 397, 398, 399, 400, 401, 402, 403, 404, 405, 406, 407, 408, 409, 410, 411, 412], "excluded_lines": [], "start_line": 1}}}, "scripts\\__init__.py": {"executed_lines": [], "summary": {"covered_lines": 0, "num_statements": 0, "percent_covered": 100.0, "percent_covered_display": "100", "missing_lines": 0, "excluded_lines": 0, "percent_statements_covered": 100.0, "percent_statements_covered_display": "100"}, "missing_lines": [], "excluded_lines": [], "functions": {"": {"executed_lines": [], "summary": {"covered_lines": 0, "num_statements": 0, "percent_covered": 100.0, "percent_covered_display": "100", "missing_lines": 0, "excluded_lines": 0, "percent_statements_covered": 100.0, "percent_statements_covered_display": "100"}, "missing_lines": [], "excluded_lines": [], "start_line": 1}}, "classes": {"": {"executed_lines": [], "summary": {"covered_lines": 0, "num_statements": 0, "percent_covered": 100.0, "percent_covered_display": "100", "missing_lines": 0, "excluded_lines": 0, "percent_statements_covered": 100.0, "percent_statements_covered_display": "100"}, "missing_lines": [], "excluded_lines": [], "start_line": 1}}}, "scripts\\cli.py": {"executed_lines": [], "summary": {"covered_lines": 0, "num_statements": 182, "percent_covered": 0.0, "percent_covered_display": "0", "missing_lines": 182, "excluded_lines": 2, "percent_statements_covered": 0.0, "percent_statements_covered_display": "0"}, "missing_lines": [8, 9, 10, 11, 13, 15, 16, 17, 20, 26, 28, 29, 30, 36, 37, 38, 41, 42, 43, 44, 45, 46, 53, 54, 55, 58, 59, 60, 63, 64, 65, 66, 67, 68, 71, 72, 73, 74, 75, 76, 79, 80, 81, 82, 83, 84, 87, 88, 89, 90, 91, 92, 95, 96, 97, 98, 99, 100, 106, 107, 108, 111, 112, 113, 123, 126, 127, 128, 129, 135, 136, 137, 138, 139, 140, 141, 144, 145, 146, 147, 148, 149, 151, 156, 157, 158, 160, 161, 164, 165, 166, 167, 168, 169, 170, 173, 174, 175, 176, 177, 178, 181, 182, 183, 184, 190, 191, 192, 193, 194, 195, 198, 199, 202, 203, 204, 205, 206, 207, 210, 211, 212, 218, 219, 220, 221, 222, 223, 226, 227, 228, 231, 232, 233, 236, 237, 238, 241, 242, 243, 249, 250, 251, 264, 265, 266, 267, 268, 269, 270, 271, 272, 273, 274, 275, 276, 277, 278, 279, 282, 283, 284, 285, 286, 287, 288, 289, 292, 293, 294, 295, 296, 297, 298, 299, 300, 302, 305, 306, 307, 310, 337], "excluded_lines": [340, 341], "functions": {"_sync_db_path": {"executed_lines": [], "summary": {"covered_lines": 0, "num_statements": 3, "percent_covered": 0.0, "percent_covered_display": "0", "missing_lines": 3, "excluded_lines": 0, "percent_statements_covered": 0.0, "percent_statements_covered_display": "0"}, "missing_lines": [28, 29, 30], "excluded_lines": [], "start_line": 26}, "cmd_init": {"executed_lines": [], "summary": {"covered_lines": 0, "num_statements": 2, "percent_covered": 0.0, "percent_covered_display": "0", "missing_lines": 2, "excluded_lines": 0, "percent_statements_covered": 0.0, "percent_statements_covered_display": "0"}, "missing_lines": [37, 38], "excluded_lines": [], "start_line": 36}, "cmd_add": {"executed_lines": [], "summary": {"covered_lines": 0, "num_statements": 5, "percent_covered": 0.0, "percent_covered_display": "0", "missing_lines": 5, "excluded_lines": 0, "percent_statements_covered": 0.0, "percent_statements_covered_display": "0"}, "missing_lines": [42, 43, 44, 45, 46], "excluded_lines": [], "start_line": 41}, "cmd_list": {"executed_lines": [], "summary": {"covered_lines": 0, "num_statements": 2, "percent_covered": 0.0, "percent_covered_display": "0", "missing_lines": 2, "excluded_lines": 0, "percent_statements_covered": 0.0, "percent_statements_covered_display": "0"}, "missing_lines": [54, 55], "excluded_lines": [], "start_line": 53}, "cmd_summary": {"executed_lines": [], "summary": {"covered_lines": 0, "num_statements": 2, "percent_covered": 0.0, "percent_covered_display": "0", "missing_lines": 2, "excluded_lines": 0, "percent_statements_covered": 0.0, "percent_statements_covered_display": "0"}, "missing_lines": [59, 60], "excluded_lines": [], "start_line": 58}, "cmd_update": {"executed_lines": [], "summary": {"covered_lines": 0, "num_statements": 5, "percent_covered": 0.0, "percent_covered_display": "0", "missing_lines": 5, "excluded_lines": 0, "percent_statements_covered": 0.0, "percent_statements_covered_display": "0"}, "missing_lines": [64, 65, 66, 67, 68], "excluded_lines": [], "start_line": 63}, "cmd_delete": {"executed_lines": [], "summary": {"covered_lines": 0, "num_statements": 5, "percent_covered": 0.0, "percent_covered_display": "0", "missing_lines": 5, "excluded_lines": 0, "percent_statements_covered": 0.0, "percent_statements_covered_display": "0"}, "missing_lines": [72, 73, 74, 75, 76], "excluded_lines": [], "start_line": 71}, "cmd_restore": {"executed_lines": [], "summary": {"covered_lines": 0, "num_statements": 5, "percent_covered": 0.0, "percent_covered_display": "0", "missing_lines": 5, "excluded_lines": 0, "percent_statements_covered": 0.0, "percent_statements_covered_display": "0"}, "missing_lines": [80, 81, 82, 83, 84], "excluded_lines": [], "start_line": 79}, "cmd_hard_delete": {"executed_lines": [], "summary": {"covered_lines": 0, "num_statements": 5, "percent_covered": 0.0, "percent_covered_display": "0", "missing_lines": 5, "excluded_lines": 0, "percent_statements_covered": 0.0, "percent_statements_covered_display": "0"}, "missing_lines": [88, 89, 90, 91, 92], "excluded_lines": [], "start_line": 87}, "cmd_budget_set": {"executed_lines": [], "summary": {"covered_lines": 0, "num_statements": 5, "percent_covered": 0.0, "percent_covered_display": "0", "missing_lines": 5, "excluded_lines": 0, "percent_statements_covered": 0.0, "percent_statements_covered_display": "0"}, "missing_lines": [96, 97, 98, 99, 100], "excluded_lines": [], "start_line": 95}, "cmd_budget_check": {"executed_lines": [], "summary": {"covered_lines": 0, "num_statements": 2, "percent_covered": 0.0, "percent_covered_display": "0", "missing_lines": 2, "excluded_lines": 0, "percent_statements_covered": 0.0, "percent_statements_covered_display": "0"}, "missing_lines": [107, 108], "excluded_lines": [], "start_line": 106}, "cmd_budget_template_create": {"executed_lines": [], "summary": {"covered_lines": 0, "num_statements": 3, "percent_covered": 0.0, "percent_covered_display": "0", "missing_lines": 3, "excluded_lines": 0, "percent_statements_covered": 0.0, "percent_statements_covered_display": "0"}, "missing_lines": [112, 113, 123], "excluded_lines": [], "start_line": 111}, "cmd_budget_template_list": {"executed_lines": [], "summary": {"covered_lines": 0, "num_statements": 3, "percent_covered": 0.0, "percent_covered_display": "0", "missing_lines": 3, "excluded_lines": 0, "percent_statements_covered": 0.0, "percent_statements_covered_display": "0"}, "missing_lines": [127, 128, 129], "excluded_lines": [], "start_line": 126}, "cmd_budget_template_update": {"executed_lines": [], "summary": {"covered_lines": 0, "num_statements": 18, "percent_covered": 0.0, "percent_covered_display": "0", "missing_lines": 18, "excluded_lines": 0, "percent_statements_covered": 0.0, "percent_statements_covered_display": "0"}, "missing_lines": [136, 137, 138, 139, 140, 141, 144, 145, 146, 147, 148, 149, 151, 156, 157, 158, 160, 161], "excluded_lines": [], "start_line": 135}, "cmd_budget_template_delete": {"executed_lines": [], "summary": {"covered_lines": 0, "num_statements": 6, "percent_covered": 0.0, "percent_covered_display": "0", "missing_lines": 6, "excluded_lines": 0, "percent_statements_covered": 0.0, "percent_statements_covered_display": "0"}, "missing_lines": [165, 166, 167, 168, 169, 170], "excluded_lines": [], "start_line": 164}, "cmd_budget_template_apply": {"executed_lines": [], "summary": {"covered_lines": 0, "num_statements": 5, "percent_covered": 0.0, "percent_covered_display": "0", "missing_lines": 5, "excluded_lines": 0, "percent_statements_covered": 0.0, "percent_statements_covered_display": "0"}, "missing_lines": [174, 175, 176, 177, 178], "excluded_lines": [], "start_line": 173}, "cmd_budget_template_suggest": {"executed_lines": [], "summary": {"covered_lines": 0, "num_statements": 3, "percent_covered": 0.0, "percent_covered_display": "0", "missing_lines": 3, "excluded_lines": 0, "percent_statements_covered": 0.0, "percent_statements_covered_display": "0"}, "missing_lines": [182, 183, 184], "excluded_lines": [], "start_line": 181}, "cmd_import_csv": {"executed_lines": [], "summary": {"covered_lines": 0, "num_statements": 5, "percent_covered": 0.0, "percent_covered_display": "0", "missing_lines": 5, "excluded_lines": 0, "percent_statements_covered": 0.0, "percent_statements_covered_display": "0"}, "missing_lines": [191, 192, 193, 194, 195], "excluded_lines": [], "start_line": 190}, "cmd_reconcile": {"executed_lines": [], "summary": {"covered_lines": 0, "num_statements": 1, "percent_covered": 0.0, "percent_covered_display": "0", "missing_lines": 1, "excluded_lines": 0, "percent_statements_covered": 0.0, "percent_statements_covered_display": "0"}, "missing_lines": [199], "excluded_lines": [], "start_line": 198}, "cmd_search": {"executed_lines": [], "summary": {"covered_lines": 0, "num_statements": 5, "percent_covered": 0.0, "percent_covered_display": "0", "missing_lines": 5, "excluded_lines": 0, "percent_statements_covered": 0.0, "percent_statements_covered_display": "0"}, "missing_lines": [203, 204, 205, 206, 207], "excluded_lines": [], "start_line": 202}, "cmd_filter": {"executed_lines": [], "summary": {"covered_lines": 0, "num_statements": 2, "percent_covered": 0.0, "percent_covered_display": "0", "missing_lines": 2, "excluded_lines": 0, "percent_statements_covered": 0.0, "percent_statements_covered_display": "0"}, "missing_lines": [211, 212], "excluded_lines": [], "start_line": 210}, "cmd_export": {"executed_lines": [], "summary": {"covered_lines": 0, "num_statements": 5, "percent_covered": 0.0, "percent_covered_display": "0", "missing_lines": 5, "excluded_lines": 0, "percent_statements_covered": 0.0, "percent_statements_covered_display": "0"}, "missing_lines": [219, 220, 221, 222, 223], "excluded_lines": [], "start_line": 218}, "cmd_stats": {"executed_lines": [], "summary": {"covered_lines": 0, "num_statements": 2, "percent_covered": 0.0, "percent_covered_display": "0", "missing_lines": 2, "excluded_lines": 0, "percent_statements_covered": 0.0, "percent_statements_covered_display": "0"}, "missing_lines": [227, 228], "excluded_lines": [], "start_line": 226}, "cmd_accounts": {"executed_lines": [], "summary": {"covered_lines": 0, "num_statements": 2, "percent_covered": 0.0, "percent_covered_display": "0", "missing_lines": 2, "excluded_lines": 0, "percent_statements_covered": 0.0, "percent_statements_covered_display": "0"}, "missing_lines": [232, 233], "excluded_lines": [], "start_line": 231}, "cmd_categories": {"executed_lines": [], "summary": {"covered_lines": 0, "num_statements": 2, "percent_covered": 0.0, "percent_covered_display": "0", "missing_lines": 2, "excluded_lines": 0, "percent_statements_covered": 0.0, "percent_statements_covered_display": "0"}, "missing_lines": [237, 238], "excluded_lines": [], "start_line": 236}, "cmd_members": {"executed_lines": [], "summary": {"covered_lines": 0, "num_statements": 2, "percent_covered": 0.0, "percent_covered_display": "0", "missing_lines": 2, "excluded_lines": 0, "percent_statements_covered": 0.0, "percent_statements_covered_display": "0"}, "missing_lines": [242, 243], "excluded_lines": [], "start_line": 241}, "main": {"executed_lines": [], "summary": {"covered_lines": 0, "num_statements": 41, "percent_covered": 0.0, "percent_covered_display": "0", "missing_lines": 41, "excluded_lines": 0, "percent_statements_covered": 0.0, "percent_statements_covered_display": "0"}, "missing_lines": [250, 251, 264, 265, 266, 267, 268, 269, 270, 271, 272, 273, 274, 275, 276, 277, 278, 279, 282, 283, 284, 285, 286, 287, 288, 289, 292, 293, 294, 295, 296, 297, 298, 299, 300, 302, 305, 306, 307, 310, 337], "excluded_lines": [], "start_line": 249}, "": {"executed_lines": [], "summary": {"covered_lines": 0, "num_statements": 36, "percent_covered": 0.0, "percent_covered_display": "0", "missing_lines": 36, "excluded_lines": 2, "percent_statements_covered": 0.0, "percent_statements_covered_display": "0"}, "missing_lines": [8, 9, 10, 11, 13, 15, 16, 17, 20, 26, 36, 41, 53, 58, 63, 71, 79, 87, 95, 106, 111, 126, 135, 164, 173, 181, 190, 198, 202, 210, 218, 226, 231, 236, 241, 249], "excluded_lines": [340, 341], "start_line": 1}}, "classes": {"": {"executed_lines": [], "summary": {"covered_lines": 0, "num_statements": 182, "percent_covered": 0.0, "percent_covered_display": "0", "missing_lines": 182, "excluded_lines": 2, "percent_statements_covered": 0.0, "percent_statements_covered_display": "0"}, "missing_lines": [8, 9, 10, 11, 13, 15, 16, 17, 20, 26, 28, 29, 30, 36, 37, 38, 41, 42, 43, 44, 45, 46, 53, 54, 55, 58, 59, 60, 63, 64, 65, 66, 67, 68, 71, 72, 73, 74, 75, 76, 79, 80, 81, 82, 83, 84, 87, 88, 89, 90, 91, 92, 95, 96, 97, 98, 99, 100, 106, 107, 108, 111, 112, 113, 123, 126, 127, 128, 129, 135, 136, 137, 138, 139, 140, 141, 144, 145, 146, 147, 148, 149, 151, 156, 157, 158, 160, 161, 164, 165, 166, 167, 168, 169, 170, 173, 174, 175, 176, 177, 178, 181, 182, 183, 184, 190, 191, 192, 193, 194, 195, 198, 199, 202, 203, 204, 205, 206, 207, 210, 211, 212, 218, 219, 220, 221, 222, 223, 226, 227, 228, 231, 232, 233, 236, 237, 238, 241, 242, 243, 249, 250, 251, 264, 265, 266, 267, 268, 269, 270, 271, 272, 273, 274, 275, 276, 277, 278, 279, 282, 283, 284, 285, 286, 287, 288, 289, 292, 293, 294, 295, 296, 297, 298, 299, 300, 302, 305, 306, 307, 310, 337], "excluded_lines": [340, 341], "start_line": 1}}}, "scripts\\import_ledger.py": {"executed_lines": [], "summary": {"covered_lines": 0, "num_statements": 16, "percent_covered": 0.0, "percent_covered_display": "0", "missing_lines": 16, "excluded_lines": 2, "percent_statements_covered": 0.0, "percent_statements_covered_display": "0"}, "missing_lines": [8, 9, 11, 13, 14, 16, 22, 23, 24, 25, 26, 28, 31, 32, 35, 36], "excluded_lines": [39, 40], "functions": {"main": {"executed_lines": [], "summary": {"covered_lines": 0, "num_statements": 9, "percent_covered": 0.0, "percent_covered_display": "0", "missing_lines": 9, "excluded_lines": 0, "percent_statements_covered": 0.0, "percent_statements_covered_display": "0"}, "missing_lines": [23, 24, 25, 26, 28, 31, 32, 35, 36], "excluded_lines": [], "start_line": 22}, "": {"executed_lines": [], "summary": {"covered_lines": 0, "num_statements": 7, "percent_covered": 0.0, "percent_covered_display": "0", "missing_lines": 7, "excluded_lines": 2, "percent_statements_covered": 0.0, "percent_statements_covered_display": "0"}, "missing_lines": [8, 9, 11, 13, 14, 16, 22], "excluded_lines": [39, 40], "start_line": 1}}, "classes": {"": {"executed_lines": [], "summary": {"covered_lines": 0, "num_statements": 16, "percent_covered": 0.0, "percent_covered_display": "0", "missing_lines": 16, "excluded_lines": 2, "percent_statements_covered": 0.0, "percent_statements_covered_display": "0"}, "missing_lines": [8, 9, 11, 13, 14, 16, 22, 23, 24, 25, 26, 28, 31, 32, 35, 36], "excluded_lines": [39, 40], "start_line": 1}}}}, "totals": {"covered_lines": 271, "num_statements": 698, "percent_covered": 38.825214899713465, "percent_covered_display": "39", "missing_lines": 427, "excluded_lines": 4, "percent_statements_covered": 38.825214899713465, "percent_statements_covered_display": "39"}}